\BOOKMARK [0][-]{chapter.1}{\376\377\000I\000n\000t\000r\000o\000d\000u\000c\000t\000i\000o\000n}{}% 1
\BOOKMARK [0][-]{chapter.2}{\376\377\000A\000i\000m\000\040\000o\000f\000\040\000t\000h\000e\000\040\000p\000r\000o\000j\000e\000c\000t}{}% 2
\BOOKMARK [0][-]{chapter.3}{\376\377\000M\000e\000t\000o\000d\000o\000l\000o\000g\000y}{}% 3
\BOOKMARK [1][-]{section.3.1}{\376\377\000T\000o\000o\000l\000s}{chapter.3}% 4
\BOOKMARK [2][-]{subsection.3.1.1}{\376\377\000G\000i\000t}{section.3.1}% 5
\BOOKMARK [2][-]{subsection.3.1.2}{\376\377\000S\000u\000b\000l\000i\000m\000e\000\040\000T\000e\000x\000t}{section.3.1}% 6
\BOOKMARK [2][-]{subsection.3.1.3}{\376\377\000D\000e\000a\000m\000o\000n\000s}{section.3.1}% 7
\BOOKMARK [2][-]{subsection.3.1.4}{\376\377\000F\000i\000l\000e\000\040\000c\000o\000n\000f\000i\000g\000s}{section.3.1}% 8
\BOOKMARK [1][-]{section.3.2}{\376\377\000T\000D\000D}{chapter.3}% 9
\BOOKMARK [0][-]{chapter.4}{\376\377\000T\000h\000e\000\040\000s\000y\000s\000t\000e\000m\000:\000\040\000H\000a\000r\000d\000w\000a\000r\000e}{}% 10
\BOOKMARK [1][-]{section.4.1}{\376\377\000T\000h\000e\000\040\000R\000a\000s\000p\000b\000e\000r\000r\000y\000\040\000P\000i}{chapter.4}% 11
\BOOKMARK [2][-]{subsection.4.1.1}{\376\377\000H\000i\000s\000t\000o\000r\000y}{section.4.1}% 12
\BOOKMARK [2][-]{subsection.4.1.2}{\376\377\000S\000o\000c\000i\000a\000l\000\040\000I\000m\000p\000o\000r\000t\000a\000n\000c\000e}{section.4.1}% 13
\BOOKMARK [2][-]{subsection.4.1.3}{\376\377\000H\000a\000r\000d\000w\000a\000r\000e}{section.4.1}% 14
\BOOKMARK [2][-]{subsection.4.1.4}{\376\377\000P\000o\000w\000e\000r\000\040\000s\000a\000v\000e\000\040\000w\000o\000r\000k\000s}{section.4.1}% 15
\BOOKMARK [1][-]{section.4.2}{\376\377\000T\000h\000e\000\040\000M\000o\000d\000u\000l\000e}{chapter.4}% 16
\BOOKMARK [2][-]{subsection.4.2.1}{\376\377\000I\000n\000s\000t\000a\000l\000l\000a\000t\000i\000o\000n}{section.4.2}% 17
\BOOKMARK [2][-]{subsection.4.2.2}{\376\377\000P\000C\000F\0008\0005\0006\0003}{section.4.2}% 18
\BOOKMARK [2][-]{subsection.4.2.3}{\376\377\000D\000S\0001\0008\000B\0002\0000}{section.4.2}% 19
\BOOKMARK [0][-]{chapter.5}{\376\377\000T\000h\000e\000\040\000s\000y\000s\000t\000e\000m\000:\000\040\000S\000o\000f\000t\000w\000a\000r\000e}{}% 20
\BOOKMARK [1][-]{section.5.1}{\376\377\000T\000h\000e\000\040\000O\000p\000e\000r\000a\000t\000i\000v\000e\000\040\000S\000y\000s\000t\000e\000m}{chapter.5}% 21
\BOOKMARK [2][-]{subsection.5.1.1}{\376\377\000W\000h\000y\000\040\000r\000a\000s\000p\000b\000i\000a\000n\000\040\000l\000i\000t\000e\000?}{section.5.1}% 22
\BOOKMARK [2][-]{subsection.5.1.2}{\376\377\000C\000o\000n\000s\000e\000c\000u\000e\000n\000c\000e\000s\000\040\000d\000u\000r\000i\000n\000g\000\040\000t\000h\000e\000\040\000d\000e\000v\000e\000l\000o\000p}{section.5.1}% 23
\BOOKMARK [2][-]{subsection.5.1.3}{\376\377\000O\000t\000h\000e\000r\000\040\000a\000l\000t\000e\000r\000n\000a\000t\000i\000v\000e\000s}{section.5.1}% 24
\BOOKMARK [1][-]{section.5.2}{\376\377\000T\000h\000e\000\040\000l\000a\000n\000g\000u\000a\000j\000e}{chapter.5}% 25
\BOOKMARK [2][-]{subsection.5.2.1}{\376\377\000W\000h\000y\000\040\000P\000y\000t\000h\000o\000n\000?}{section.5.2}% 26
\BOOKMARK [2][-]{subsection.5.2.2}{\376\377\000C\000o\000n\000s\000e\000c\000u\000e\000n\000c\000e\000s\000\040\000d\000u\000r\000i\000n\000g\000\040\000t\000h\000e\000\040\000d\000e\000v\000e\000l\000o\000p}{section.5.2}% 27
\BOOKMARK [2][-]{subsection.5.2.3}{\376\377\000O\000t\000h\000e\000r\000\040\000a\000l\000t\000e\000r\000n\000a\000t\000i\000v\000e\000s}{section.5.2}% 28
\BOOKMARK [1][-]{section.5.3}{\376\377\000T\000h\000e\000\040\000w\000e\000b\000\040\000s\000e\000r\000v\000e\000r}{chapter.5}% 29
\BOOKMARK [2][-]{subsection.5.3.1}{\376\377\000W\000h\000y\000\040\000h\000t\000t\000p\000.\000s\000e\000r\000v\000e\000r}{section.5.3}% 30
\BOOKMARK [2][-]{subsection.5.3.2}{\376\377\000C\000o\000n\000s\000e\000c\000u\000e\000n\000c\000e\000s\000\040\000d\000u\000r\000i\000n\000g\000\040\000t\000h\000e\000\040\000d\000e\000v\000e\000l\000o\000p}{section.5.3}% 31
\BOOKMARK [2][-]{subsection.5.3.3}{\376\377\000O\000t\000h\000e\000r\000\040\000a\000l\000t\000e\000r\000n\000a\000t\000i\000v\000e\000s}{section.5.3}% 32
\BOOKMARK [2][-]{subsection.5.3.4}{\376\377\000W\000e\000b\000\040\000s\000e\000r\000v\000e\000r\000\040\000p\000a\000r\000t\000s}{section.5.3}% 33
\BOOKMARK [0][-]{chapter.6}{\376\377\000T\000h\000e\000\040\000s\000y\000s\000t\000e\000m\000:\000\040\000A\000l\000l\000\040\000t\000o\000g\000e\000t\000h\000e\000r}{}% 34
\BOOKMARK [1][-]{section.6.1}{\376\377\000S\000u\000b\000s\000y\000s\000t\000e\000m\000:\000\040\000T\000h\000e\000\040\000t\000e\000m\000p\000e\000r\000a\000t\000u\000r\000e}{chapter.6}% 35
\BOOKMARK [2][-]{subsection.6.1.1}{\376\377\000H\000o\000w\000\040\000i\000t\000\040\000w\000o\000r\000k\000s}{section.6.1}% 36
\BOOKMARK [1][-]{section.6.2}{\376\377\000S\000u\000b\000s\000y\000s\000t\000e\000m\000:\000\040\000T\000h\000e\000\040\000s\000c\000p}{chapter.6}% 37
\BOOKMARK [2][-]{subsection.6.2.1}{\376\377\000H\000o\000w\000\040\000i\000t\000\040\000w\000o\000r\000k\000s}{section.6.2}% 38
\BOOKMARK [1][-]{section.6.3}{\376\377\000S\000u\000b\000s\000y\000s\000t\000e\000m\000:\000\040\000T\000h\000e\000\040\000w\000e\000b\000\040\000s\000e\000r\000v\000e\000r}{chapter.6}% 39
\BOOKMARK [2][-]{subsection.6.3.1}{\376\377\000H\000o\000w\000\040\000i\000t\000\040\000w\000o\000r\000k\000s}{section.6.3}% 40
\BOOKMARK [2][-]{subsection.6.3.2}{\376\377\000E\000n\000d\000p\000o\000i\000n\000t\000s}{section.6.3}% 41
\BOOKMARK [2][-]{subsection.6.3.3}{\376\377\000D\000a\000t\000a\000\040\000v\000a\000l\000i\000d\000a\000t\000i\000o\000n}{section.6.3}% 42
\BOOKMARK [2][-]{subsection.6.3.4}{\376\377\000S\000e\000s\000s\000i\000o\000n\000\040\000i\000m\000p\000l\000e\000m\000e\000n\000t\000a\000t\000i\000o\000n}{section.6.3}% 43
\BOOKMARK [1][-]{section.6.4}{\376\377\000W\000e\000b\000\040\000a\000p\000p\000l\000i\000c\000a\000t\000i\000o\000n}{chapter.6}% 44
\BOOKMARK [2][-]{subsection.6.4.1}{\376\377\000P\000a\000g\000e\000s}{section.6.4}% 45
\BOOKMARK [2][-]{subsection.6.4.2}{\376\377\000S\000c\000r\000i\000p\000t\000s}{section.6.4}% 46
\BOOKMARK [2][-]{subsection.6.4.3}{\376\377\000S\000t\000y\000l\000e\000s}{section.6.4}% 47
\BOOKMARK [2][-]{subsection.6.4.4}{\376\377\000L\000i\000b\000r\000a\000r\000i\000e\000s}{section.6.4}% 48
\BOOKMARK [1][-]{section.6.5}{\376\377\000D\000i\000r\000e\000c\000t\000o\000r\000i\000e\000s}{chapter.6}% 49
\BOOKMARK [2][-]{subsection.6.5.1}{\376\377\000L\000o\000g\000s}{section.6.5}% 50
\BOOKMARK [2][-]{subsection.6.5.2}{\376\377\000D\000a\000t\000a}{section.6.5}% 51
\BOOKMARK [2][-]{subsection.6.5.3}{\376\377\000C\000o\000n\000f\000i\000g}{section.6.5}% 52
\BOOKMARK [2][-]{subsection.6.5.4}{\376\377\000C\000S\000S}{section.6.5}% 53
\BOOKMARK [2][-]{subsection.6.5.5}{\376\377\000H\000T\000M\000L}{section.6.5}% 54
\BOOKMARK [2][-]{subsection.6.5.6}{\376\377\000j\000s}{section.6.5}% 55
\BOOKMARK [2][-]{subsection.6.5.7}{\376\377\000l\000i\000b}{section.6.5}% 56
\BOOKMARK [2][-]{subsection.6.5.8}{\376\377\000s\000c\000r\000i\000p\000t\000s}{section.6.5}% 57
\BOOKMARK [1][-]{section.6.6}{\376\377\000M\000o\000d\000e\000l\000s}{chapter.6}% 58
\BOOKMARK [1][-]{section.6.7}{\376\377\000P\000o\000w\000e\000r\000\040\000s\000a\000v\000i\000n\000g\000\040\000m\000o\000d\000e\000s}{chapter.6}% 59
\BOOKMARK [2][-]{subsection.6.7.1}{\376\377\000W\000h\000y\000?}{section.6.7}% 60
\BOOKMARK [2][-]{subsection.6.7.2}{\376\377\000D\000e\000s\000c\000r\000i\000p\000t\000i\000o\000n}{section.6.7}% 61
\BOOKMARK [2][-]{subsection.6.7.3}{\376\377\000W\000h\000e\000n}{section.6.7}% 62
\BOOKMARK [2][-]{subsection.6.7.4}{\376\377\000P\000M\0000}{section.6.7}% 63
\BOOKMARK [2][-]{subsection.6.7.5}{\376\377\000P\000M\0001}{section.6.7}% 64
\BOOKMARK [2][-]{subsection.6.7.6}{\376\377\000P\000M\0002}{section.6.7}% 65
\BOOKMARK [2][-]{subsection.6.7.7}{\376\377\000P\000M\0003}{section.6.7}% 66
\BOOKMARK [2][-]{subsection.6.7.8}{\376\377\000A\000n\000o\000t\000h\000e\000r\000\040\000n\000o\000t\000\040\000i\000m\000p\000l\000e\000m\000e\000n\000t\000e\000d\000\040\000a\000c\000t\000i\000o\000n\000s\000\040\000f\000o\000r\000\040\000d\000e\000c\000r\000e\000a\000s\000e\000\040\000p\000o\000w\000e\000r\000\040\000c\000o\000n\000s\000u\000m\000p\000t\000i\000o\000n}{section.6.7}% 67
\BOOKMARK [1][-]{section.6.8}{\376\377\000L\000i\000f\000e\000\040\000c\000i\000c\000l\000e}{chapter.6}% 68
\BOOKMARK [2][-]{subsection.6.8.1}{\376\377\000B\000o\000o\000t\000\040\000s\000c\000r\000i\000p\000t}{section.6.8}% 69
\BOOKMARK [2][-]{subsection.6.8.2}{\376\377\000P\000M\000\040\000c\000h\000a\000n\000g\000e}{section.6.8}% 70
\BOOKMARK [1][-]{section.6.9}{\376\377\000C\000o\000m\000p\000l\000e\000m\000e\000n\000t\000a\000r\000y\000\040\000w\000o\000r\000k}{chapter.6}% 71
\BOOKMARK [2][-]{subsection.6.9.1}{\376\377\000S\000e\000t\000u\000p\000\040\000s\000c\000r\000i\000p\000t}{section.6.9}% 72
\BOOKMARK [2][-]{subsection.6.9.2}{\376\377\000S\000C\000P\000\040\000r\000e\000m\000o\000t\000e\000\040\000c\000o\000n\000t\000r\000o\000l}{section.6.9}% 73
\BOOKMARK [2][-]{subsection.6.9.3}{\376\377\000U\000s\000e\000r\000\040\000m\000a\000n\000u\000a\000l}{section.6.9}% 74
\BOOKMARK [2][-]{subsection.6.9.4}{\376\377\000I\000n\000s\000t\000a\000l\000l\000a\000t\000i\000o\000n\000\040\000m\000a\000n\000u\000a\000l}{section.6.9}% 75
\BOOKMARK [0][-]{chapter.7}{\376\377\000R\000e\000a\000l\000\040\000w\000o\000r\000l\000d\000\040\000u\000s\000e\000s}{}% 76
\BOOKMARK [0][-]{chapter.8}{\376\377\000C\000o\000n\000c\000l\000u\000s\000i\000o\000n\000s}{}% 77
\BOOKMARK [0][-]{section*.18}{\376\377\000P\001\131\000\355\000l\000o\000h\000y}{}% 78
\BOOKMARK [1][-]{section*.19}{\376\377\000S\000e\000z\000n\000a\000m\000\040\000p\001\131\000\355\000l\000o\000h}{section*.18}% 79
